2014-03-19 12:36:33,189 [Worker-4] INFO  o.e.m.c.i.l.LifecycleMappingFactory - Using org.maven.ide.eclipse.wtp.WarLifecycleMapping lifecycle mapping for MavenProject: com.hkg.test:mywebapp:0.0.1-SNAPSHOT @ /media/Hemant/GitRepos/Job/mywebapp/pom.xml.
2014-03-19 12:36:33,280 [Worker-4] INFO  o.e.m.c.i.l.LifecycleMappingFactory - Using org.maven.ide.eclipse.wtp.WarLifecycleMapping lifecycle mapping for MavenProject: com.hkg.test:mywebapp:0.0.1-SNAPSHOT @ /media/Hemant/GitRepos/Job/mywebapp/pom.xml.
2014-03-19 12:36:33,602 [Worker-4] INFO  c.n.h.c.p.n.NettyAsyncHttpProvider - Number of application's worked threads is 8
2014-03-19 12:36:33,822 [Worker-4] INFO  o.e.m.c.i.e.AbstractTransferListenerAdapter - Downloaded http://repo.maven.apache.org/maven2/org/codehaus/mojo/tomcat-maven-plugin/maven-metadata.xml
2014-03-19 12:36:33,843 [Worker-4] WARN  o.e.m.c.i.embedder.EclipseLogger - Could not transfer metadata org.codehaus.mojo:tomcat-maven-plugin/maven-metadata.xml from/to central (http://repo.maven.apache.org/maven2): null to http://repo.maven.apache.org/maven2/org/codehaus/mojo/tomcat-maven-plugin/maven-metadata.xml
2014-03-19 12:36:33,861 [Worker-4] WARN  o.e.m.c.i.embedder.EclipseLogger - Failure to transfer org.codehaus.mojo:tomcat-maven-plugin/maven-metadata.xml from http://repo.maven.apache.org/maven2 was cached in the local repository, resolution will not be reattempted until the update interval of central has elapsed or updates are forced. Original error: Could not transfer metadata org.codehaus.mojo:tomcat-maven-plugin/maven-metadata.xml from/to central (http://repo.maven.apache.org/maven2): null to http://repo.maven.apache.org/maven2/org/codehaus/mojo/tomcat-maven-plugin/maven-metadata.xml
2014-03-19 12:36:33,863 [Worker-4] WARN  o.e.m.c.i.embedder.EclipseLogger - Failure to transfer org.codehaus.mojo:tomcat-maven-plugin/maven-metadata.xml from http://repo.maven.apache.org/maven2 was cached in the local repository, resolution will not be reattempted until the update interval of central has elapsed or updates are forced. Original error: Could not transfer metadata org.codehaus.mojo:tomcat-maven-plugin/maven-metadata.xml from/to central (http://repo.maven.apache.org/maven2): null to http://repo.maven.apache.org/maven2/org/codehaus/mojo/tomcat-maven-plugin/maven-metadata.xml
2014-03-19 12:36:33,867 [Worker-4] INFO  o.e.m.c.i.l.LifecycleMappingFactory - Using org.maven.ide.eclipse.wtp.WarLifecycleMapping lifecycle mapping for MavenProject: com.hkg.test:test-webapp:1.0-SNAPSHOT @ /media/Hemant/GitRepos/Job/test-webapp/pom.xml.
2014-03-19 12:36:33,997 [Worker-4] INFO  c.n.h.c.p.n.NettyAsyncHttpProvider - Number of application's worked threads is 8
2014-03-19 12:36:34,012 [Worker-4] INFO  o.e.m.c.i.e.AbstractTransferListenerAdapter - Downloaded http://repo.maven.apache.org/maven2/org/apache/maven/plugins/maven-compiler-plugin/3.0/maven-compiler-plugin-3.0.jar
2014-03-19 12:36:34,029 [Worker-4] INFO  c.n.h.c.p.n.NettyAsyncHttpProvider - Number of application's worked threads is 8
2014-03-19 12:36:34,036 [Worker-4] INFO  o.e.m.c.i.e.AbstractTransferListenerAdapter - Downloaded http://repo.maven.apache.org/maven2/org/apache/maven/plugins/maven-compiler-plugin/3.0/maven-compiler-plugin-3.0.pom
2014-03-19 12:36:34,051 [Worker-4] INFO  o.e.m.c.i.l.LifecycleMappingFactory - Using org.maven.ide.eclipse.wtp.WarLifecycleMapping lifecycle mapping for MavenProject: com.hkg.test:testwepapp2:0.0.1-SNAPSHOT @ /media/Hemant/GitRepos/Job/testwepapp2/pom.xml.
2014-03-19 12:36:34,719 [Worker-4] WARN  o.e.m.c.i.embedder.EclipseLogger - Failed to retrieve plugin descriptor for org.apache.maven.plugins:maven-compiler-plugin:3.0: Plugin org.apache.maven.plugins:maven-compiler-plugin:3.0 or one of its dependencies could not be resolved: Failed to read artifact descriptor for org.apache.maven.plugins:maven-compiler-plugin:jar:3.0
2014-03-19 12:36:34,893 [Worker-4] WARN  o.e.m.c.i.embedder.EclipseLogger - Failed to retrieve plugin descriptor for org.apache.maven.plugins:maven-compiler-plugin:3.0: Plugin org.apache.maven.plugins:maven-compiler-plugin:3.0 or one of its dependencies could not be resolved: Failed to read artifact descriptor for org.apache.maven.plugins:maven-compiler-plugin:jar:3.0
2014-03-19 12:36:49,108 [Worker-10] INFO  o.e.m.c.i.l.LifecycleMappingFactory - Using org.maven.ide.eclipse.wtp.WarLifecycleMapping lifecycle mapping for MavenProject: com.hkg.test:mywebapp:0.0.1-SNAPSHOT @ /media/Hemant/GitRepos/Job/mywebapp/pom.xml.
2014-03-19 12:36:49,855 [Worker-7] WARN  o.e.m.c.i.embedder.EclipseLogger - Failure to transfer org.codehaus.mojo:tomcat-maven-plugin/maven-metadata.xml from http://repo.maven.apache.org/maven2 was cached in the local repository, resolution will not be reattempted until the update interval of central has elapsed or updates are forced. Original error: Could not transfer metadata org.codehaus.mojo:tomcat-maven-plugin/maven-metadata.xml from/to central (http://repo.maven.apache.org/maven2): null to http://repo.maven.apache.org/maven2/org/codehaus/mojo/tomcat-maven-plugin/maven-metadata.xml
2014-03-19 12:36:49,857 [Worker-7] WARN  o.e.m.c.i.embedder.EclipseLogger - Failure to transfer org.codehaus.mojo:tomcat-maven-plugin/maven-metadata.xml from http://repo.maven.apache.org/maven2 was cached in the local repository, resolution will not be reattempted until the update interval of central has elapsed or updates are forced. Original error: Could not transfer metadata org.codehaus.mojo:tomcat-maven-plugin/maven-metadata.xml from/to central (http://repo.maven.apache.org/maven2): null to http://repo.maven.apache.org/maven2/org/codehaus/mojo/tomcat-maven-plugin/maven-metadata.xml
2014-03-19 12:36:49,858 [Worker-7] WARN  o.e.m.c.i.embedder.EclipseLogger - Failure to transfer org.codehaus.mojo:tomcat-maven-plugin/maven-metadata.xml from http://repo.maven.apache.org/maven2 was cached in the local repository, resolution will not be reattempted until the update interval of central has elapsed or updates are forced. Original error: Could not transfer metadata org.codehaus.mojo:tomcat-maven-plugin/maven-metadata.xml from/to central (http://repo.maven.apache.org/maven2): null to http://repo.maven.apache.org/maven2/org/codehaus/mojo/tomcat-maven-plugin/maven-metadata.xml
2014-03-19 12:36:49,865 [Worker-7] INFO  o.e.m.c.i.l.LifecycleMappingFactory - Using org.maven.ide.eclipse.wtp.WarLifecycleMapping lifecycle mapping for MavenProject: com.hkg.test:test-webapp:1.0-SNAPSHOT @ /media/Hemant/GitRepos/Job/test-webapp/pom.xml.
2014-03-19 12:36:49,984 [Worker-7] INFO  o.e.m.c.i.l.LifecycleMappingFactory - Using org.maven.ide.eclipse.wtp.WarLifecycleMapping lifecycle mapping for MavenProject: com.hkg.test:testwepapp2:0.0.1-SNAPSHOT @ /media/Hemant/GitRepos/Job/testwepapp2/pom.xml.
2014-03-19 12:36:50,108 [Worker-10] WARN  o.e.m.c.i.embedder.EclipseLogger - Using platform encoding (UTF-8 actually) to copy filtered resources, i.e. build is platform dependent!
2014-03-19 12:36:50,112 [Worker-10] INFO  o.e.m.c.i.embedder.EclipseLogger - skip non existing resourceDirectory /media/Hemant/GitRepos/Job/mywebapp/src/main/resources
2014-03-19 12:36:50,115 [Worker-10] WARN  o.e.m.c.i.embedder.EclipseLogger - Using platform encoding (UTF-8 actually) to copy filtered resources, i.e. build is platform dependent!
2014-03-19 12:36:50,117 [Worker-10] INFO  o.e.m.c.i.embedder.EclipseLogger - skip non existing resourceDirectory /media/Hemant/GitRepos/Job/mywebapp/src/test/resources
2014-03-19 12:36:50,455 [Worker-10] WARN  o.e.m.c.i.embedder.EclipseLogger - Using platform encoding (UTF-8 actually) to copy filtered resources, i.e. build is platform dependent!
2014-03-19 12:36:50,457 [Worker-10] INFO  o.e.m.c.i.embedder.EclipseLogger - skip non existing resourceDirectory /media/Hemant/GitRepos/Job/testwepapp2/src/main/resources
2014-03-19 12:36:50,459 [Worker-10] WARN  o.e.m.c.i.embedder.EclipseLogger - Using platform encoding (UTF-8 actually) to copy filtered resources, i.e. build is platform dependent!
2014-03-19 12:36:50,461 [Worker-10] INFO  o.e.m.c.i.embedder.EclipseLogger - skip non existing resourceDirectory /media/Hemant/GitRepos/Job/testwepapp2/src/test/resources
2014-03-19 12:36:50,499 [Worker-7] WARN  o.e.m.c.i.embedder.EclipseLogger - Failed to retrieve plugin descriptor for org.apache.maven.plugins:maven-compiler-plugin:3.0: Plugin org.apache.maven.plugins:maven-compiler-plugin:3.0 or one of its dependencies could not be resolved: Failed to read artifact descriptor for org.apache.maven.plugins:maven-compiler-plugin:jar:3.0
2014-03-19 12:36:50,502 [Worker-7] WARN  o.e.m.c.i.embedder.EclipseLogger - Failed to retrieve plugin descriptor for org.apache.maven.plugins:maven-compiler-plugin:3.0: Plugin org.apache.maven.plugins:maven-compiler-plugin:3.0 or one of its dependencies could not be resolved: Failed to read artifact descriptor for org.apache.maven.plugins:maven-compiler-plugin:jar:3.0
2014-03-19 12:36:53,882 [Worker-7] WARN  o.e.m.c.i.embedder.EclipseLogger - Using platform encoding (UTF-8 actually) to copy filtered resources, i.e. build is platform dependent!
2014-03-19 12:36:53,886 [Worker-7] INFO  o.e.m.c.i.embedder.EclipseLogger - skip non existing resourceDirectory /media/Hemant/GitRepos/Job/testwepapp2/src/main/resources
2014-03-19 12:36:53,890 [Worker-7] WARN  o.e.m.c.i.embedder.EclipseLogger - Using platform encoding (UTF-8 actually) to copy filtered resources, i.e. build is platform dependent!
2014-03-19 12:36:53,891 [Worker-7] INFO  o.e.m.c.i.embedder.EclipseLogger - skip non existing resourceDirectory /media/Hemant/GitRepos/Job/testwepapp2/src/test/resources
